#
# An unexpected error has been detected by Java Runtime Environment:
#
#  Internal Error (455843455054494F4E530E4350500134), pid=2000, tid=1108
#
# Java VM: Java HotSpot(TM) Client VM (1.6.0_02-b06 mixed mode, sharing)
# If you would like to submit a bug report, please visit:
#   http://java.sun.com/webapps/bugreport/crash.jsp
#

---------------  T H R E A D  ---------------

Current thread (0x0035a000):  JavaThread "main" [_thread_in_vm, id=1108]

Stack: [0x009e0000,0x00de0000)
[error occurred during error reporting, step 110, id 0xc0000005]

Java frames: (J=compiled Java code, j=interpreted, Vv=VM code)
j  java.util.regex.Pattern.newSingle(I)Ljava/util/regex/Pattern$CharProperty;+89
j  java.util.regex.Pattern.atom()Ljava/util/regex/Pattern$Node;+366
j  java.util.regex.Pattern.sequence(Ljava/util/regex/Pattern$Node;)Ljava/util/regex/Pattern$Node;+501
j  java.util.regex.Pattern.expr(Ljava/util/regex/Pattern$Node;)Ljava/util/regex/Pattern$Node;+9
j  java.util.regex.Pattern.compile()V+193
j  java.util.regex.Pattern.<init>(Ljava/lang/String;I)V+40
j  java.util.regex.Pattern.compile(Ljava/lang/String;)Ljava/util/regex/Pattern;+6
j  sun.misc.FloatingDecimal.<clinit>()V+908
v  ~StubRoutines::call_stub
j  java.lang.Double.toString(D)Ljava/lang/String;+0
j  java.lang.String.valueOf(D)Ljava/lang/String;+1
j  java.security.Provider.putId()V+21
j  java.security.Provider.<init>(Ljava/lang/String;DLjava/lang/String;)V+31
j  sun.security.provider.Sun.<init>()V+8
j  sun.security.util.ManifestEntryVerifier.<clinit>()V+12
v  ~StubRoutines::call_stub
j  java.util.jar.JarFile.initializeVerifier()V+40
j  java.util.jar.JarFile.getInputStream(Ljava/util/zip/ZipEntry;)Ljava/io/InputStream;+25
j  sun.misc.URLClassPath$JarLoader$2.getInputStream()Ljava/io/InputStream;+11
j  sun.misc.Resource.cachedInputStream()Ljava/io/InputStream;+9
j  sun.misc.Resource.getByteBuffer()Ljava/nio/ByteBuffer;+1
j  java.net.URLClassLoader.defineClass(Ljava/lang/String;Lsun/misc/Resource;)Ljava/lang/Class;+179
j  java.net.URLClassLoader.access$000(Ljava/net/URLClassLoader;Ljava/lang/String;Lsun/misc/Resource;)Ljava/lang/Class;+3
j  java.net.URLClassLoader$1.run()Ljava/lang/Object;+43
v  ~StubRoutines::call_stub
j  java.security.AccessController.doPrivileged(Ljava/security/PrivilegedExceptionAction;Ljava/security/AccessControlContext;)Ljava/lang/Object;+0
j  java.net.URLClassLoader.findClass(Ljava/lang/String;)Ljava/lang/Class;+13
j  java.lang.ClassLoader.loadClass(Ljava/lang/String;Z)Ljava/lang/Class;+43
j  sun.misc.Launcher$AppClassLoader.loadClass(Ljava/lang/String;Z)Ljava/lang/Class;+36
j  java.lang.ClassLoader.loadClass(Ljava/lang/String;)Ljava/lang/Class;+3
j  java.lang.ClassLoader.loadClassInternal(Ljava/lang/String;)Ljava/lang/Class;+2
v  ~StubRoutines::call_stub

---------------  P R O C E S S  ---------------

Java Threads: ( => current thread )
  0x02f80800 JavaThread "Low Memory Detector" daemon [_thread_blocked, id=1580]
  0x02f7c000 JavaThread "CompilerThread0" daemon [_thread_blocked, id=3948]
  0x02f7ac00 JavaThread "Attach Listener" daemon [_thread_blocked, id=6112]
  0x02f79c00 JavaThread "Signal Dispatcher" daemon [_thread_blocked, id=5712]
  0x02f75400 JavaThread "Finalizer" daemon [_thread_blocked, id=4868]
  0x02f71000 JavaThread "Reference Handler" daemon [_thread_blocked, id=3988]
=>0x0035a000 JavaThread "main" [_thread_in_vm, id=1108]

Other Threads:
  0x02f67c00 VMThread [id=4112]
  0x02f8ac00 WatcherThread [id=2460]

VM state:not at safepoint (normal execution)

VM Mutex/Monitor currently owned by a thread: None

Heap
 def new generation   total 960K, used 263K [0x24070000, 0x24170000, 0x24550000)
  eden space 896K,  29% used [0x24070000, 0x240b1e68, 0x24150000)
  from space 64K,   0% used [0x24150000, 0x24150000, 0x24160000)
  to   space 64K,   0% used [0x24160000, 0x24160000, 0x24170000)
 tenured generation   total 7168K, used 0K [0x24550000, 0x24c50000, 0x28070000)
   the space 7168K,   0% used [0x24550000, 0x24550000, 0x24550200, 0x24c50000)
 compacting perm gen  total 12288K, used 16K [0x28070000, 0x28c70000, 0x2c070000)
   the space 12288K,   0% used [0x28070000, 0x28074340, 0x28074400, 0x28c70000)
    ro space 8192K,  66% used [0x2c070000, 0x2c5bd978, 0x2c5bda00, 0x2c870000)
    rw space 12288K,  52% used [0x2c870000, 0x2ceb9cb8, 0x2ceb9e00, 0x2d470000)

Dynamic libraries:
0x00400000 - 0x0040a000 	C:\Archivos de programa\Java\jdk1.6.0_02\bin\javac.exe
0x7c910000 - 0x7c9c6000 	C:\WINDOWS\system32\ntdll.dll
0x7c800000 - 0x7c902000 	C:\WINDOWS\system32\kernel32.dll
0x6d010000 - 0x6d025000 	C:\Archivos de programa\Java\jdk1.6.0_02\bin\jli.dll
0x77da0000 - 0x77e4c000 	C:\WINDOWS\system32\ADVAPI32.dll
0x77e50000 - 0x77ee2000 	C:\WINDOWS\system32\RPCRT4.dll
0x77fc0000 - 0x77fd1000 	C:\WINDOWS\system32\Secur32.dll
0x7c340000 - 0x7c396000 	C:\Archivos de programa\Java\jdk1.6.0_02\bin\MSVCR71.dll
0x5cf60000 - 0x5cf86000 	C:\WINDOWS\system32\ShimEng.dll
0x6fdb0000 - 0x6ff7a000 	C:\WINDOWS\AppPatch\AcGenral.DLL
0x7e390000 - 0x7e420000 	C:\WINDOWS\system32\USER32.dll
0x77ef0000 - 0x77f37000 	C:\WINDOWS\system32\GDI32.dll
0x76b00000 - 0x76b2e000 	C:\WINDOWS\system32\WINMM.dll
0x774b0000 - 0x775ed000 	C:\WINDOWS\system32\ole32.dll
0x77be0000 - 0x77c38000 	C:\WINDOWS\system32\msvcrt.dll
0x770f0000 - 0x7717b000 	C:\WINDOWS\system32\OLEAUT32.dll
0x77bb0000 - 0x77bc5000 	C:\WINDOWS\system32\MSACM32.dll
0x77bd0000 - 0x77bd8000 	C:\WINDOWS\system32\VERSION.dll
0x7e6a0000 - 0x7eec0000 	C:\WINDOWS\system32\SHELL32.dll
0x77f40000 - 0x77fb6000 	C:\WINDOWS\system32\SHLWAPI.dll
0x76630000 - 0x766e4000 	C:\WINDOWS\system32\USERENV.dll
0x5b150000 - 0x5b188000 	C:\WINDOWS\system32\UxTheme.dll
0x10000000 - 0x10063000 	C:\WINDOWS\system32\wxvault.dll
0x76bb0000 - 0x76bbb000 	C:\WINDOWS\system32\PSAPI.DLL
0x71aa0000 - 0x71ab2000 	C:\WINDOWS\system32\MPR.dll
0x00380000 - 0x00385000 	C:\WINDOWS\system32\detoured.dll
0x773a0000 - 0x774a3000 	C:\WINDOWS\WinSxS\x86_Microsoft.Windows.Common-Controls_6595b64144ccf1df_6.0.2600.2982_x-ww_ac3f9c03\comctl32.dll
0x58c30000 - 0x58cca000 	C:\WINDOWS\system32\comctl32.dll
0x00970000 - 0x009c6000 	C:\Archivos de programa\Java\jdk1.6.0_02\jre\bin\msvcr71.dll
0x6d870000 - 0x6dab9000 	C:\Archivos de programa\Java\jdk1.6.0_02\jre\bin\client\jvm.dll
0x6d3c0000 - 0x6d3c8000 	C:\Archivos de programa\Java\jdk1.6.0_02\jre\bin\hpi.dll
0x6d820000 - 0x6d82c000 	C:\Archivos de programa\Java\jdk1.6.0_02\jre\bin\verify.dll
0x6d460000 - 0x6d47f000 	C:\Archivos de programa\Java\jdk1.6.0_02\jre\bin\java.dll
0x6d860000 - 0x6d86f000 	C:\Archivos de programa\Java\jdk1.6.0_02\jre\bin\zip.dll

VM Arguments:
jvm_args: -Denv.class.path=C:\Archivos de programa\Tomcat\shared\lib -Dapplication.home=C:\Archivos de programa\Java\jdk1.6.0_02 -Xms8m -Xss4m -ea:com.sun.tools...
java_command: com.sun.tools.javac.Main -g -target 1.5 -classpath C:\Documents and Settings\Sergio Montoro Ten\Mis documentos\Workspace\hipergate-library\bin\;C:\Archivos de programa\Tomcat\shared\lib\activation.jar;C:\Archivos de programa\Tomcat\shared\lib\axis.jar;C:\Archivos de programa\Tomcat\shared\lib\axis-ant.jar;C:\Archivos de programa\Tomcat\shared\lib\bcel.jar;C:\Archivos de programa\Tomcat\shared\lib\bsh-2.0b4.jar;C:\Archivos de programa\Tomcat\shared\lib\bsh-bsf-2.0b4.jar;C:\Archivos de programa\Tomcat\shared\lib\castor-1.1.2.1.jar;C:\Archivos de programa\Tomcat\shared\lib\castor-1.1.2.1-codegen.jar;C:\Archivos de programa\Tomcat\shared\lib\castor-1.1.2.1-ddlgen.jar;C:\Archivos de programa\Tomcat\shared\lib\castor-1.1.2.1-xml.jar;C:\Archivos de programa\Tomcat\shared\lib\commons-codec-1.3.jar;C:\Archivos de programa\Tomcat\shared\lib\commons-httpclient-3.0.1.jar;C:\Archivos de programa\Tomcat\shared\lib\commons-httpclient-contrib.jar;C:\Archivos de programa\Tomcat\shared\lib\commons-logging-1.1.jar;C:\Archivos de programa\Tomcat\shared\lib\commons-logging.jar;C:\Archivos de programa\Tomcat\shared\lib\commons-logging-adapters-1.1.jar;C:\Archivos de programa\Tomcat\shared\lib\commons-logging-api-1.1.jar;C:\Archivos de programa\Tomcat\shared\lib\commons-transaction-1.0.jar;C:\Archivos de programa\Tomcat\shared\lib\htmlparser-1.6.jar;C:\Archivos de programa\Tomcat\shared\lib\ibm.bsf-2.2.jar;C:\Archivos de programa\Tomcat\shared\lib\itext-2.0.0.jar;C:\Archivos de programa\Tomcat\shared\lib\j2ee.jar;C:\Archivos de programa\Tomcat\shared\lib\jaf-1.0.2.jar;C:\Archivos de programa\Tomcat\shared\lib\jakarta-bsf-2.4.0.jar;C:\Archivos de programa\Tomcat\shared\lib\jakarta-oro-2.0.8.jar;C:\Archivos de programa\Tomcat\shared\lib\javamail-1.4.0.jar;C:\Archivos de programa\Tomcat\shared\lib\javamail-api.jar;C:\Archivos de programa\Tomcat\shared\lib\javamail-dsn.jar;C:\Archivos de programa\Tomcat\shared\lib\javamail-imap.jar;C:\Archivos de programa\Tomcat\shared\lib\jav
Launcher Type: SUN_STANDARD

Environment Variables:
CLASSPATH=C:\Archivos de programa\Tomcat\shared\lib
PATH=C:\oraclexe\app\oracle\product\10.2.0\server\bin;C:\Archivos de programa\PC Connectivity Solution\;C:\Archivos de programa\Windows Resource Kits\Tools\;C:\WINDOWS\system32;C:\WINDOWS;C:\WINDOWS\System32\Wbem;C:\Archivos de programa\NTRU Cryptosystems\NTRU TCG Software Stack\bin\;C:\Archivos de programa\Wave Systems Corp\Dell Preboot Manager\Access Client\v5\;C:\Archivos de programa\Archivos comunes\Roxio Shared\DLLShared\;C:\Archivos de programa\MySQL\Server\bin;C:\Archivos de programa\Archivos comunes\GTK\bin;C:\Archivos de programa\Microsoft SQL Server\90\Tools\binn\;C:\Archivos de programa\QuickTime\QTSystem\;C:\Archivos de programa\Archivos comunes\Adobe\AGL;C:\Archivos de programa\UltraCompare;C:\ARCHIV~1\SecureFX
USERNAME=Sergio Montoro Ten
OS=Windows_NT
PROCESSOR_IDENTIFIER=x86 Family 6 Model 15 Stepping 10, GenuineIntel



---------------  S Y S T E M  ---------------

OS: Windows XP Build 2600 Service Pack 2

CPU:total 2 (2 cores per cpu, 1 threads per core) family 6 model 15 stepping 10, cmov, cx8, fxsr, mmx, sse, sse2, sse3, ssse3

Memory: 4k page, physical 2086956k(406540k free), swap 1930044k(6212k free)

vm_info: Java HotSpot(TM) Client VM (1.6.0_02-b06) for windows-x86, built on Jul 12 2007 01:16:14 by "java_re" with unknown MS VC++:1310

